0 info it worked if it ends with ok
1 verbose cli [ '/home/juan/local/bin/node',
1 verbose cli   '/home/juan/local/bin/npm',
1 verbose cli   'start' ]
2 info using npm@3.9.3
3 info using node@v6.2.0
4 verbose stack Error: Invalid name: "React Weather Component"
4 verbose stack     at ensureValidName (/home/juan/local/lib/node_modules/npm/node_modules/normalize-package-data/lib/fixer.js:336:15)
4 verbose stack     at Object.module.exports.fixNameField (/home/juan/local/lib/node_modules/npm/node_modules/normalize-package-data/lib/fixer.js:215:5)
4 verbose stack     at /home/juan/local/lib/node_modules/npm/node_modules/normalize-package-data/lib/normalize.js:32:38
4 verbose stack     at Array.forEach (native)
4 verbose stack     at normalize (/home/juan/local/lib/node_modules/npm/node_modules/normalize-package-data/lib/normalize.js:31:15)
4 verbose stack     at final (/home/juan/local/lib/node_modules/npm/node_modules/read-package-json/read-json.js:349:5)
4 verbose stack     at then (/home/juan/local/lib/node_modules/npm/node_modules/read-package-json/read-json.js:124:5)
4 verbose stack     at /home/juan/local/lib/node_modules/npm/node_modules/read-package-json/read-json.js:311:12
4 verbose stack     at /home/juan/local/lib/node_modules/npm/node_modules/graceful-fs/graceful-fs.js:78:16
4 verbose stack     at tryToString (fs.js:449:3)
5 verbose cwd /home/juan/react/weather-component
6 error Linux 3.19.0-59-generic
7 error argv "/home/juan/local/bin/node" "/home/juan/local/bin/npm" "start"
8 error node v6.2.0
9 error npm  v3.9.3
10 error Invalid name: "React Weather Component"
11 error If you need help, you may report this error at:
11 error     <https://github.com/npm/npm/issues>
12 verbose exit [ 1, true ]
